2024-12-17 19:12:22 INFO  LoginPage :40 - enter user name :Admin
2024-12-17 19:12:195 INFO  LoginPage :46 - enter passwordadmin123
2024-12-17 19:12:282 INFO  LoginPage :51 - click on [[ChromeDriver: chrome on windows (f5f37d254425f6c0eecd65b321d2a7a0)] -> xpath: //button[@type='submit']]
2024-12-17 19:12:846 INFO  AddUserPage :76 - Get page title of : [[ChromeDriver: chrome on windows (f5f37d254425f6c0eecd65b321d2a7a0)] -> xpath: //h5]
2024-12-17 19:12:147 INFO  AddUserPage :102 - Enter user name : prime test
2024-12-17 19:12:391 INFO  AddUserPage :108 - select user roll from drop down as Admin
2024-12-17 19:12:600 INFO  AddUserPage :115 - select user status from drop down as Disable
2024-12-17 19:12:797 INFO  AddUserPage :120 - Click on search button [[ChromeDriver: chrome on windows (f5f37d254425f6c0eecd65b321d2a7a0)] -> xpath: //button[normalize-space()='Search']]
2024-12-17 19:12:917 INFO  AddUserPage :124 - get user name from search result Proxy element for: DefaultElementLocator 'By.xpath: //div[@role='columnheader'or normalize-space()='Username'][2]/ancestor::div[@role='rowgroup']/following-sibling::div[@class='oxd-table-body']//div[@class='oxd-table-cell oxd-padding-cell'][2]'
2024-12-17 19:12:27 INFO  LoginPage :40 - enter user name :Admin
2024-12-17 19:12:242 INFO  LoginPage :46 - enter passwordadmin123
2024-12-17 19:12:388 INFO  LoginPage :51 - click on [[ChromeDriver: chrome on windows (f1040ea1db79351edef002bd24a970b9)] -> xpath: //button[@type='submit']]
2024-12-17 19:12:966 INFO  AddUserPage :76 - Get page title of : [[ChromeDriver: chrome on windows (f1040ea1db79351edef002bd24a970b9)] -> xpath: //h5]
2024-12-17 19:12:713 INFO  AddUserPage :97 - click on add button[[ChromeDriver: chrome on windows (f1040ea1db79351edef002bd24a970b9)] -> xpath: //button[normalize-space()='Add']]
2024-12-17 19:12:995 INFO  AddUserPage :55 - Get Add User text [[ChromeDriver: chrome on windows (f1040ea1db79351edef002bd24a970b9)] -> xpath: //div[@class='orangehrm-card-container']/h6]
2024-12-17 19:12:304 INFO  AddUserPage :62 - Select User roles [[ChromeDriver: chrome on windows (f1040ea1db79351edef002bd24a970b9)] -> xpath: //label[normalize-space()='User Role']/parent::div/following-sibling::div//div[@class='oxd-select-wrapper']] as Admin
2024-12-17 19:12:686 INFO  AddUserPage :68 - Enter the Employee Name [[ChromeDriver: chrome on windows (f1040ea1db79351edef002bd24a970b9)] -> xpath: //label[normalize-space()='Employee Name']/parent::div/following-sibling::div//input] as a
2024-12-17 19:12:956 INFO  AddUserPage :73 - Enter the Username [[ChromeDriver: chrome on windows (f1040ea1db79351edef002bd24a970b9)] -> xpath: //label[normalize-space()='Username']/parent::div/following-sibling::div//input] as prime test
2024-12-17 19:12:164 INFO  AddUserPage :79 - Select Status [[ChromeDriver: chrome on windows (f1040ea1db79351edef002bd24a970b9)] -> xpath: //label[normalize-space()='Status']/parent::div/following-sibling::div//div[@class='oxd-select-wrapper']] as Disable
2024-12-17 19:12:381 INFO  AddUserPage :84 - Enter password [[ChromeDriver: chrome on windows (f1040ea1db79351edef002bd24a970b9)] -> xpath: //div[@class='oxd-grid-item oxd-grid-item--gutters user-password-cell']//div[@class='oxd-input-group oxd-input-field-bottom-space']//div//input[@type='password']]
2024-12-17 19:12:639 INFO  AddUserPage :89 - Enter password confirmation [[ChromeDriver: chrome on windows (f1040ea1db79351edef002bd24a970b9)] -> xpath: //div[@class='oxd-grid-item oxd-grid-item--gutters']//div[@class='oxd-input-group oxd-input-field-bottom-space']//div//input[@type='password']]
2024-12-17 19:12:851 INFO  AddUserPage :93 - Click on Save button[[ChromeDriver: chrome on windows (f1040ea1db79351edef002bd24a970b9)] -> xpath: //button[normalize-space()='Save']]
2024-12-17 19:12:409 INFO  AddUserPage :97 - get success message [[ChromeDriver: chrome on windows (f1040ea1db79351edef002bd24a970b9)] -> xpath: //p[@class='oxd-text oxd-text--p oxd-text--toast-message oxd-toast-content-text']]
2024-12-17 19:12:99 INFO  LoginPage :40 - enter user name :Admin
2024-12-17 19:12:334 INFO  LoginPage :46 - enter passwordadmin123
2024-12-17 19:12:582 INFO  LoginPage :51 - click on [[ChromeDriver: chrome on windows (302438d1a5d9c82a8399ba8674e7a924)] -> xpath: //button[@type='submit']]
2024-12-17 19:12:155 INFO  AddUserPage :76 - Get page title of : [[ChromeDriver: chrome on windows (302438d1a5d9c82a8399ba8674e7a924)] -> xpath: //h5]
2024-12-17 19:12:581 INFO  AddUserPage :102 - Enter user name : prime test
2024-12-17 19:12:850 INFO  AddUserPage :108 - select user roll from drop down as Admin
2024-12-17 19:12:50 INFO  AddUserPage :115 - select user status from drop down as Disable
2024-12-17 19:12:229 INFO  AddUserPage :120 - Click on search button [[ChromeDriver: chrome on windows (302438d1a5d9c82a8399ba8674e7a924)] -> xpath: //button[normalize-space()='Search']]
2024-12-17 19:12:453 INFO  AddUserPage :124 - get user name from search result [[ChromeDriver: chrome on windows (302438d1a5d9c82a8399ba8674e7a924)] -> xpath: //div[@role='columnheader'or normalize-space()='Username'][2]/ancestor::div[@role='rowgroup']/following-sibling::div[@class='oxd-table-body']//div[@class='oxd-table-cell oxd-padding-cell'][2]]
2024-12-17 19:12:161 INFO  LoginPage :40 - enter user name :Admin
2024-12-17 19:12:363 INFO  LoginPage :46 - enter passwordadmin123
2024-12-17 19:12:534 INFO  LoginPage :51 - click on [[ChromeDriver: chrome on windows (67c0639041279fce73235d7771f5e590)] -> xpath: //button[@type='submit']]
2024-12-17 19:12:69 INFO  AddUserPage :76 - Get page title of : [[ChromeDriver: chrome on windows (67c0639041279fce73235d7771f5e590)] -> xpath: //h5]
2024-12-17 19:12:441 INFO  AddUserPage :102 - Enter user name : prime test
2024-12-17 19:12:681 INFO  AddUserPage :108 - select user roll from drop down as Admin
2024-12-17 19:12:885 INFO  AddUserPage :115 - select user status from drop down as Disable
2024-12-17 19:12:62 INFO  AddUserPage :120 - Click on search button [[ChromeDriver: chrome on windows (67c0639041279fce73235d7771f5e590)] -> xpath: //button[normalize-space()='Search']]
2024-12-17 19:12:331 INFO  AddUserPage :124 - get user name from search result [[ChromeDriver: chrome on windows (67c0639041279fce73235d7771f5e590)] -> xpath: //div[@role='columnheader'or normalize-space()='Username'][2]/ancestor::div[@role='rowgroup']/following-sibling::div[@class='oxd-table-body']//div[@class='oxd-table-cell oxd-padding-cell'][2]]
2024-12-17 19:12:523 INFO  AddUserPage :130 - Click on search result item check box [[ChromeDriver: chrome on windows (67c0639041279fce73235d7771f5e590)] -> xpath: //div[@class='oxd-table-card-cell-checkbox']//i[@class='oxd-icon bi-check oxd-checkbox-input-icon']]
2024-12-17 19:12:735 INFO  AddUserPage :135 - Click on search result item delete button [[ChromeDriver: chrome on windows (67c0639041279fce73235d7771f5e590)] -> xpath: //button[normalize-space()='Delete Selected']]
2024-12-17 19:12:964 INFO  AddUserPage :140 - Click on delete popup yes button [[ChromeDriver: chrome on windows (67c0639041279fce73235d7771f5e590)] -> xpath: //button[normalize-space()='Yes, Delete']]
2024-12-17 19:12:205 INFO  ViewSystemUserPage :18 - get success message : [[ChromeDriver: chrome on windows (67c0639041279fce73235d7771f5e590)] -> xpath: //p[@class='oxd-text oxd-text--p oxd-text--toast-message oxd-toast-content-text']]
2024-12-17 19:12:866 INFO  LoginPage :40 - enter user name :Admin
2024-12-17 19:12:74 INFO  LoginPage :46 - enter passwordadmin123
2024-12-17 19:12:275 INFO  LoginPage :51 - click on [[ChromeDriver: chrome on windows (c2f1944b0ee0ac9e383db23de4927e58)] -> xpath: //button[@type='submit']]
2024-12-17 19:12:882 INFO  AddUserPage :76 - Get page title of : [[ChromeDriver: chrome on windows (c2f1944b0ee0ac9e383db23de4927e58)] -> xpath: //h5]
2024-12-17 19:12:414 INFO  AddUserPage :102 - Enter user name : Admin
2024-12-17 19:12:685 INFO  AddUserPage :108 - select user roll from drop down as Admin
2024-12-17 19:12:907 INFO  AddUserPage :115 - select user status from drop down as Enable
2024-12-17 19:12:100 INFO  AddUserPage :120 - Click on search button [[ChromeDriver: chrome on windows (c2f1944b0ee0ac9e383db23de4927e58)] -> xpath: //button[normalize-space()='Search']]
2024-12-17 19:12:317 INFO  AddUserPage :151 - Get the records found. [[ChromeDriver: chrome on windows (c2f1944b0ee0ac9e383db23de4927e58)] -> xpath: //span[@class = 'oxd-text oxd-text--span']]
2024-12-17 19:12:391 INFO  AddUserPage :124 - get user name from search result [[ChromeDriver: chrome on windows (c2f1944b0ee0ac9e383db23de4927e58)] -> xpath: //div[@role='columnheader'or normalize-space()='Username'][2]/ancestor::div[@role='rowgroup']/following-sibling::div[@class='oxd-table-body']//div[@class='oxd-table-cell oxd-padding-cell'][2]]
2024-12-17 19:12:648 INFO  AddUserPage :157 - Clicking on Reset button [[ChromeDriver: chrome on windows (c2f1944b0ee0ac9e383db23de4927e58)] -> xpath: //button[normalize-space()='Reset']]
2024-12-17 19:12:244 INFO  LoginPage :40 - enter user name :Admin
2024-12-17 19:12:451 INFO  LoginPage :46 - enter passwordadmin123
2024-12-17 19:12:641 INFO  LoginPage :51 - click on [[ChromeDriver: chrome on windows (30089ab8cd2b8dab2c0df464976c3119)] -> xpath: //button[@type='submit']]
2024-12-17 19:12:253 INFO  AddUserPage :76 - Get page title of : [[ChromeDriver: chrome on windows (30089ab8cd2b8dab2c0df464976c3119)] -> xpath: //h5]
2024-12-17 19:12:590 INFO  AddUserPage :102 - Enter user name : Admin
2024-12-17 19:12:860 INFO  AddUserPage :108 - select user roll from drop down as Admin
2024-12-17 19:12:104 INFO  AddUserPage :115 - select user status from drop down as Enable
2024-12-17 19:12:277 INFO  AddUserPage :120 - Click on search button [[ChromeDriver: chrome on windows (30089ab8cd2b8dab2c0df464976c3119)] -> xpath: //button[normalize-space()='Search']]
2024-12-17 19:12:550 INFO  AddUserPage :151 - Get the records found. [[ChromeDriver: chrome on windows (30089ab8cd2b8dab2c0df464976c3119)] -> xpath: //span[@class = 'oxd-text oxd-text--span']]
2024-12-17 19:12:627 INFO  AddUserPage :124 - get user name from search result [[ChromeDriver: chrome on windows (30089ab8cd2b8dab2c0df464976c3119)] -> xpath: //div[@role='columnheader'or normalize-space()='Username'][2]/ancestor::div[@role='rowgroup']/following-sibling::div[@class='oxd-table-body']//div[@class='oxd-table-cell oxd-padding-cell'][2]]
2024-12-17 19:12:831 INFO  AddUserPage :157 - Clicking on Reset button [[ChromeDriver: chrome on windows (30089ab8cd2b8dab2c0df464976c3119)] -> xpath: //button[normalize-space()='Reset']]
2024-12-17 19:12:15 INFO  LoginPage :40 - enter user name :Admin
2024-12-17 19:12:178 INFO  LoginPage :46 - enter passwordadmin123
2024-12-17 19:12:317 INFO  LoginPage :51 - click on [[ChromeDriver: chrome on windows (56000c75fcfe89c75c0408329347ca1c)] -> xpath: //button[@type='submit']]
2024-12-17 19:12:66 INFO  AddUserPage :76 - Get page title of : [[ChromeDriver: chrome on windows (56000c75fcfe89c75c0408329347ca1c)] -> xpath: //h5]
2024-12-17 19:12:606 INFO  AddUserPage :102 - Enter user name : Orange Test
2024-12-17 19:12:831 INFO  AddUserPage :108 - select user roll from drop down as ESS
2024-12-17 19:12:47 INFO  AddUserPage :115 - select user status from drop down as Enable
2024-12-17 19:12:265 INFO  AddUserPage :120 - Click on search button [[ChromeDriver: chrome on windows (56000c75fcfe89c75c0408329347ca1c)] -> xpath: //button[normalize-space()='Search']]
2024-12-17 19:12:528 INFO  AddUserPage :151 - Get the records found. [[ChromeDriver: chrome on windows (56000c75fcfe89c75c0408329347ca1c)] -> xpath: //span[@class = 'oxd-text oxd-text--span']]
2024-12-17 19:12:210 INFO  LoginPage :40 - enter user name :Admin
2024-12-17 19:12:393 INFO  LoginPage :46 - enter passwordadmin123
2024-12-17 19:12:586 INFO  LoginPage :51 - click on [[ChromeDriver: chrome on windows (932bfb5fbc64cc66bcd87e73c12c1392)] -> xpath: //button[@type='submit']]
2024-12-17 19:12:183 INFO  AddUserPage :76 - Get page title of : [[ChromeDriver: chrome on windows (932bfb5fbc64cc66bcd87e73c12c1392)] -> xpath: //h5]
2024-12-17 19:12:566 INFO  AddUserPage :102 - Enter user name : iivanov643
2024-12-17 19:12:783 INFO  AddUserPage :108 - select user roll from drop down as ESS
2024-12-17 19:12:978 INFO  AddUserPage :115 - select user status from drop down as Enable
2024-12-17 19:12:168 INFO  AddUserPage :120 - Click on search button [[ChromeDriver: chrome on windows (932bfb5fbc64cc66bcd87e73c12c1392)] -> xpath: //button[normalize-space()='Search']]
2024-12-17 19:12:406 INFO  AddUserPage :151 - Get the records found. [[ChromeDriver: chrome on windows (932bfb5fbc64cc66bcd87e73c12c1392)] -> xpath: //span[@class = 'oxd-text oxd-text--span']]
2024-12-17 19:12:466 INFO  AddUserPage :124 - get user name from search result [[ChromeDriver: chrome on windows (932bfb5fbc64cc66bcd87e73c12c1392)] -> xpath: //div[@role='columnheader'or normalize-space()='Username'][2]/ancestor::div[@role='rowgroup']/following-sibling::div[@class='oxd-table-body']//div[@class='oxd-table-cell oxd-padding-cell'][2]]
2024-12-17 19:12:656 INFO  AddUserPage :157 - Clicking on Reset button [[ChromeDriver: chrome on windows (932bfb5fbc64cc66bcd87e73c12c1392)] -> xpath: //button[normalize-space()='Reset']]
2024-12-17 19:12:142 INFO  LoginPage :40 - enter user name :Admin
2024-12-17 19:12:412 INFO  LoginPage :46 - enter passwordadmin123
2024-12-17 19:12:616 INFO  LoginPage :51 - click on [[ChromeDriver: chrome on windows (c1ee0c9318be440516288fdca168ebbd)] -> xpath: //button[@type='submit']]
2024-12-17 19:12:368 INFO  AddUserPage :76 - Get page title of : [[ChromeDriver: chrome on windows (c1ee0c9318be440516288fdca168ebbd)] -> xpath: //h5]
2024-12-17 19:12:745 INFO  AddUserPage :102 - Enter user name : Enakin
2024-12-17 19:12:945 INFO  AddUserPage :108 - select user roll from drop down as ESS
2024-12-17 19:12:144 INFO  AddUserPage :115 - select user status from drop down as Enable
2024-12-17 19:12:348 INFO  AddUserPage :120 - Click on search button [[ChromeDriver: chrome on windows (c1ee0c9318be440516288fdca168ebbd)] -> xpath: //button[normalize-space()='Search']]
2024-12-17 19:12:630 INFO  AddUserPage :151 - Get the records found. [[ChromeDriver: chrome on windows (c1ee0c9318be440516288fdca168ebbd)] -> xpath: //span[@class = 'oxd-text oxd-text--span']]
2024-12-17 19:12:701 INFO  AddUserPage :124 - get user name from search result [[ChromeDriver: chrome on windows (c1ee0c9318be440516288fdca168ebbd)] -> xpath: //div[@role='columnheader'or normalize-space()='Username'][2]/ancestor::div[@role='rowgroup']/following-sibling::div[@class='oxd-table-body']//div[@class='oxd-table-cell oxd-padding-cell'][2]]
2024-12-17 19:12:934 INFO  AddUserPage :157 - Clicking on Reset button [[ChromeDriver: chrome on windows (c1ee0c9318be440516288fdca168ebbd)] -> xpath: //button[normalize-space()='Reset']]
2024-12-17 19:12:598 INFO  LoginPage :40 - enter user name :Admin
2024-12-17 19:12:809 INFO  LoginPage :46 - enter passwordadmin123
2024-12-17 19:12:21 INFO  LoginPage :51 - click on [[ChromeDriver: chrome on windows (c99c4641079a7ac83ee85bf61aeda620)] -> xpath: //button[@type='submit']]
2024-12-17 19:12:450 INFO  AddUserPage :76 - Get page title of : [[ChromeDriver: chrome on windows (c99c4641079a7ac83ee85bf61aeda620)] -> xpath: //h5]
2024-12-17 19:12:744 INFO  AddUserPage :102 - Enter user name : Admin
2024-12-17 19:12:995 INFO  AddUserPage :108 - select user roll from drop down as Admin
2024-12-17 19:12:238 INFO  AddUserPage :115 - select user status from drop down as Enable
2024-12-17 19:12:454 INFO  AddUserPage :120 - Click on search button [[ChromeDriver: chrome on windows (c99c4641079a7ac83ee85bf61aeda620)] -> xpath: //button[normalize-space()='Search']]
2024-12-17 19:12:815 INFO  AddUserPage :151 - Get the records found. [[ChromeDriver: chrome on windows (c99c4641079a7ac83ee85bf61aeda620)] -> xpath: //span[@class = 'oxd-text oxd-text--span']]
2024-12-17 19:12:870 INFO  AddUserPage :124 - get user name from search result [[ChromeDriver: chrome on windows (c99c4641079a7ac83ee85bf61aeda620)] -> xpath: //div[@role='columnheader'or normalize-space()='Username'][2]/ancestor::div[@role='rowgroup']/following-sibling::div[@class='oxd-table-body']//div[@class='oxd-table-cell oxd-padding-cell'][2]]
2024-12-17 19:12:168 INFO  AddUserPage :157 - Clicking on Reset button [[ChromeDriver: chrome on windows (c99c4641079a7ac83ee85bf61aeda620)] -> xpath: //button[normalize-space()='Reset']]
2024-12-17 19:12:794 INFO  LoginPage :40 - enter user name :Admin
2024-12-17 19:12:996 INFO  LoginPage :46 - enter passwordadmin123
2024-12-17 19:12:270 INFO  LoginPage :51 - click on [[ChromeDriver: chrome on windows (e4e62d57d55188cb8df40851634ffec6)] -> xpath: //button[@type='submit']]
2024-12-17 19:12:579 INFO  AddUserPage :76 - Get page title of : [[ChromeDriver: chrome on windows (e4e62d57d55188cb8df40851634ffec6)] -> xpath: //h5]
2024-12-17 19:12:912 INFO  AddUserPage :102 - Enter user name : Orange Test
2024-12-17 19:12:125 INFO  AddUserPage :108 - select user roll from drop down as ESS
2024-12-17 19:12:333 INFO  AddUserPage :115 - select user status from drop down as Enable
2024-12-17 19:12:499 INFO  AddUserPage :120 - Click on search button [[ChromeDriver: chrome on windows (e4e62d57d55188cb8df40851634ffec6)] -> xpath: //button[normalize-space()='Search']]
2024-12-17 19:12:749 INFO  AddUserPage :151 - Get the records found. [[ChromeDriver: chrome on windows (e4e62d57d55188cb8df40851634ffec6)] -> xpath: //span[@class = 'oxd-text oxd-text--span']]
2024-12-17 19:12:706 INFO  LoginPage :40 - enter user name :Admin
2024-12-17 19:12:922 INFO  LoginPage :46 - enter passwordadmin123
2024-12-17 19:12:84 INFO  LoginPage :51 - click on [[ChromeDriver: chrome on windows (ac60d5c7fe916f08494d4ac1e7fa084d)] -> xpath: //button[@type='submit']]
2024-12-17 19:12:656 INFO  AddUserPage :76 - Get page title of : [[ChromeDriver: chrome on windows (ac60d5c7fe916f08494d4ac1e7fa084d)] -> xpath: //h5]
2024-12-17 19:12:36 INFO  AddUserPage :102 - Enter user name : iivanov643
2024-12-17 19:12:254 INFO  AddUserPage :108 - select user roll from drop down as ESS
2024-12-17 19:12:460 INFO  AddUserPage :115 - select user status from drop down as Enable
2024-12-17 19:12:720 INFO  AddUserPage :120 - Click on search button [[ChromeDriver: chrome on windows (ac60d5c7fe916f08494d4ac1e7fa084d)] -> xpath: //button[normalize-space()='Search']]
2024-12-17 19:12:980 INFO  AddUserPage :151 - Get the records found. [[ChromeDriver: chrome on windows (ac60d5c7fe916f08494d4ac1e7fa084d)] -> xpath: //span[@class = 'oxd-text oxd-text--span']]
2024-12-17 19:12:42 INFO  AddUserPage :124 - get user name from search result [[ChromeDriver: chrome on windows (ac60d5c7fe916f08494d4ac1e7fa084d)] -> xpath: //div[@role='columnheader'or normalize-space()='Username'][2]/ancestor::div[@role='rowgroup']/following-sibling::div[@class='oxd-table-body']//div[@class='oxd-table-cell oxd-padding-cell'][2]]
2024-12-17 19:12:241 INFO  AddUserPage :157 - Clicking on Reset button [[ChromeDriver: chrome on windows (ac60d5c7fe916f08494d4ac1e7fa084d)] -> xpath: //button[normalize-space()='Reset']]
2024-12-17 19:12:707 INFO  LoginPage :40 - enter user name :Admin
2024-12-17 19:12:03 INFO  LoginPage :46 - enter passwordadmin123
2024-12-17 19:12:174 INFO  LoginPage :51 - click on [[ChromeDriver: chrome on windows (304039ad271294ed85774054c28b8dfe)] -> xpath: //button[@type='submit']]
2024-12-17 19:12:861 INFO  AddUserPage :76 - Get page title of : [[ChromeDriver: chrome on windows (304039ad271294ed85774054c28b8dfe)] -> xpath: //h5]
2024-12-17 19:12:150 INFO  AddUserPage :102 - Enter user name : Enakin
2024-12-17 19:12:350 INFO  AddUserPage :108 - select user roll from drop down as ESS
2024-12-17 19:12:554 INFO  AddUserPage :115 - select user status from drop down as Enable
2024-12-17 19:12:732 INFO  AddUserPage :120 - Click on search button [[ChromeDriver: chrome on windows (304039ad271294ed85774054c28b8dfe)] -> xpath: //button[normalize-space()='Search']]
2024-12-17 19:12:966 INFO  AddUserPage :151 - Get the records found. [[ChromeDriver: chrome on windows (304039ad271294ed85774054c28b8dfe)] -> xpath: //span[@class = 'oxd-text oxd-text--span']]
2024-12-17 19:12:29 INFO  AddUserPage :124 - get user name from search result [[ChromeDriver: chrome on windows (304039ad271294ed85774054c28b8dfe)] -> xpath: //div[@role='columnheader'or normalize-space()='Username'][2]/ancestor::div[@role='rowgroup']/following-sibling::div[@class='oxd-table-body']//div[@class='oxd-table-cell oxd-padding-cell'][2]]
2024-12-17 19:12:229 INFO  AddUserPage :157 - Clicking on Reset button [[ChromeDriver: chrome on windows (304039ad271294ed85774054c28b8dfe)] -> xpath: //button[normalize-space()='Reset']]
2024-12-17 20:12:646 INFO  LoginPage :40 - enter user name :Admin
2024-12-17 20:12:832 INFO  LoginPage :46 - enter passwordadmin123
2024-12-17 20:12:07 INFO  LoginPage :51 - click on [[ChromeDriver: chrome on windows (3f841e96f0e9fa745b0bbc0ccf036ac8)] -> xpath: //button[@type='submit']]
2024-12-17 20:12:311 INFO  DashboardPage :31 - get the Dashboard page title [[ChromeDriver: chrome on windows (3f841e96f0e9fa745b0bbc0ccf036ac8)] -> xpath: //div[@class='oxd-topbar-header-title']//h6]
2024-12-17 20:12:120 INFO  LoginPage :40 - enter user name :Admin
2024-12-17 20:12:338 INFO  LoginPage :46 - enter passwordadmin123
2024-12-17 20:12:546 INFO  LoginPage :51 - click on [[ChromeDriver: chrome on windows (52d5a5f50cae13e1671237403409e86e)] -> xpath: //button[@type='submit']]
2024-12-17 20:12:866 INFO  HomePage :22 - verify user profile image is displayed  [[ChromeDriver: chrome on windows (52d5a5f50cae13e1671237403409e86e)] -> xpath: //span[@class='oxd-userdropdown-tab']]
2024-12-17 20:12:383 INFO  LoginPage :48 - enter user name :Admin
2024-12-17 20:12:589 INFO  LoginPage :54 - enter passwordadmin123
2024-12-17 20:12:766 INFO  LoginPage :59 - click on [[ChromeDriver: chrome on windows (870b244945c75f028ed12b995cd45bfe)] -> xpath: //button[@type='submit']]
2024-12-17 20:12:311 INFO  DashboardPage :42 - Click on user profile image [[ChromeDriver: chrome on windows (870b244945c75f028ed12b995cd45bfe)] -> xpath: //img[@class='oxd-userdropdown-img']]
2024-12-17 20:12:690 INFO  DashboardPage :47 - Click on logout link [[ChromeDriver: chrome on windows (870b244945c75f028ed12b995cd45bfe)] -> link text: Logout]
2024-12-17 20:12:707 INFO  LoginPage :42 - get login page title
2024-12-17 20:12:563 INFO  LoginPage :48 - enter user name :Admin
2024-12-17 20:12:760 INFO  LoginPage :54 - enter passwordadmin123
2024-12-17 20:12:934 INFO  LoginPage :59 - click on [[ChromeDriver: chrome on windows (9175094b6e0022416135c4c2b2358b5b)] -> xpath: //button[@type='submit']]
2024-12-17 20:12:674 INFO  DashboardPage :42 - Click on user profile image [[ChromeDriver: chrome on windows (9175094b6e0022416135c4c2b2358b5b)] -> xpath: //img[@class='oxd-userdropdown-img']]
2024-12-17 20:12:987 INFO  DashboardPage :47 - Click on logout link [[ChromeDriver: chrome on windows (9175094b6e0022416135c4c2b2358b5b)] -> link text: Logout]
2024-12-17 20:12:06 INFO  LoginPage :42 - get login page title
2024-12-17 20:12:798 INFO  LoginPage :48 - enter user name :
2024-12-17 20:12:44 INFO  LoginPage :54 - enter password
2024-12-17 20:12:480 INFO  LoginPage :59 - click on [[ChromeDriver: chrome on windows (dc3fd7435e04be1efd3d98ec684f352e)] -> xpath: //button[@type='submit']]
2024-12-17 20:12:540 INFO  LoginPage :69 - get error message [[ChromeDriver: chrome on windows (dc3fd7435e04be1efd3d98ec684f352e)] -> xpath: //div[@class='orangehrm-login-slot-wrapper']//div[1]//div[1]//span[1]]
2024-12-17 20:12:175 INFO  LoginPage :48 - enter user name :test123@gmail.com
2024-12-17 20:12:356 INFO  LoginPage :54 - enter password
2024-12-17 20:12:487 INFO  LoginPage :59 - click on [[ChromeDriver: chrome on windows (06e21b94abed96f6c24f13b9fffe2a39)] -> xpath: //button[@type='submit']]
2024-12-17 20:12:610 INFO  LoginPage :74 - get error message [[ChromeDriver: chrome on windows (06e21b94abed96f6c24f13b9fffe2a39)] -> xpath: //span[@class='oxd-text oxd-text--span oxd-input-field-error-message oxd-input-group__message']]
2024-12-17 20:12:910 INFO  LoginPage :48 - enter user name :
2024-12-17 20:12:103 INFO  LoginPage :54 - enter passwordtest123
2024-12-17 20:12:345 INFO  LoginPage :59 - click on [[ChromeDriver: chrome on windows (eefee65cf1e8301cdd6c3afad43f389e)] -> xpath: //button[@type='submit']]
2024-12-17 20:12:388 INFO  LoginPage :69 - get error message [[ChromeDriver: chrome on windows (eefee65cf1e8301cdd6c3afad43f389e)] -> xpath: //div[@class='orangehrm-login-slot-wrapper']//div[1]//div[1]//span[1]]
2024-12-17 20:12:691 INFO  LoginPage :48 - enter user name :test123@gmail.com
2024-12-17 20:12:872 INFO  LoginPage :54 - enter passwordtest123
2024-12-17 20:12:805 INFO  LoginPage :59 - click on [[ChromeDriver: chrome on windows (305151971a4383394ffaabeda3a0444b)] -> xpath: //button[@type='submit']]
2024-12-17 20:12:82 INFO  LoginPage :79 - get error message [[ChromeDriver: chrome on windows (305151971a4383394ffaabeda3a0444b)] -> xpath: //p[@class='oxd-text oxd-text--p oxd-alert-content-text']]
2024-12-17 20:12:799 INFO  LoginPage :48 - enter user name :Admin
2024-12-17 20:12:972 INFO  LoginPage :54 - enter passwordadmin123
2024-12-17 20:12:147 INFO  LoginPage :59 - click on [[ChromeDriver: chrome on windows (5de8c175a0d3332d9a05d5ce11cbf49c)] -> xpath: //button[@type='submit']]
2024-12-17 20:12:736 INFO  DashboardPage :31 - get the Dashboard page title [[ChromeDriver: chrome on windows (5de8c175a0d3332d9a05d5ce11cbf49c)] -> xpath: //div[@class='oxd-topbar-header-title']//h6]
2024-12-17 20:12:730 INFO  LoginPage :48 - enter user name :Admin
2024-12-17 20:12:914 INFO  LoginPage :54 - enter passwordadmin123
2024-12-17 20:12:86 INFO  LoginPage :59 - click on [[ChromeDriver: chrome on windows (557f08245d04ed520ac3887c15635344)] -> xpath: //button[@type='submit']]
2024-12-17 20:12:87 INFO  AddUserPage :76 - Get page title of : [[ChromeDriver: chrome on windows (557f08245d04ed520ac3887c15635344)] -> xpath: //h5]
2024-12-17 20:12:857 INFO  AddUserPage :97 - click on add button[[ChromeDriver: chrome on windows (557f08245d04ed520ac3887c15635344)] -> xpath: //button[normalize-space()='Add']]
2024-12-17 20:12:204 INFO  AddUserPage :55 - Get Add User text [[ChromeDriver: chrome on windows (557f08245d04ed520ac3887c15635344)] -> xpath: //div[@class='orangehrm-card-container']/h6]
2024-12-17 20:12:485 INFO  AddUserPage :62 - Select User roles [[ChromeDriver: chrome on windows (557f08245d04ed520ac3887c15635344)] -> xpath: //label[normalize-space()='User Role']/parent::div/following-sibling::div//div[@class='oxd-select-wrapper']] as Admin
2024-12-17 20:12:819 INFO  AddUserPage :68 - Enter the Employee Name [[ChromeDriver: chrome on windows (557f08245d04ed520ac3887c15635344)] -> xpath: //label[normalize-space()='Employee Name']/parent::div/following-sibling::div//input] as a
2024-12-17 20:12:18 INFO  AddUserPage :73 - Enter the Username [[ChromeDriver: chrome on windows (557f08245d04ed520ac3887c15635344)] -> xpath: //label[normalize-space()='Username']/parent::div/following-sibling::div//input] as prime test
2024-12-17 20:12:245 INFO  AddUserPage :79 - Select Status [[ChromeDriver: chrome on windows (557f08245d04ed520ac3887c15635344)] -> xpath: //label[normalize-space()='Status']/parent::div/following-sibling::div//div[@class='oxd-select-wrapper']] as Disable
2024-12-17 20:12:429 INFO  AddUserPage :84 - Enter password [[ChromeDriver: chrome on windows (557f08245d04ed520ac3887c15635344)] -> xpath: //div[@class='oxd-grid-item oxd-grid-item--gutters user-password-cell']//div[@class='oxd-input-group oxd-input-field-bottom-space']//div//input[@type='password']]
2024-12-17 20:12:623 INFO  AddUserPage :89 - Enter password confirmation [[ChromeDriver: chrome on windows (557f08245d04ed520ac3887c15635344)] -> xpath: //div[@class='oxd-grid-item oxd-grid-item--gutters']//div[@class='oxd-input-group oxd-input-field-bottom-space']//div//input[@type='password']]
2024-12-17 20:12:838 INFO  AddUserPage :93 - Click on Save button[[ChromeDriver: chrome on windows (557f08245d04ed520ac3887c15635344)] -> xpath: //button[normalize-space()='Save']]
2024-12-17 20:12:561 INFO  AddUserPage :97 - get success message [[ChromeDriver: chrome on windows (557f08245d04ed520ac3887c15635344)] -> xpath: //p[@class='oxd-text oxd-text--p oxd-text--toast-message oxd-toast-content-text']]
2024-12-17 20:12:856 INFO  LoginPage :48 - enter user name :Admin
2024-12-17 20:12:25 INFO  LoginPage :54 - enter passwordadmin123
2024-12-17 20:12:270 INFO  LoginPage :59 - click on [[ChromeDriver: chrome on windows (261d10c0793f044d44f92dfc5de068fe)] -> xpath: //button[@type='submit']]
2024-12-17 20:12:618 INFO  HomePage :22 - verify user profile image is displayed  [[ChromeDriver: chrome on windows (261d10c0793f044d44f92dfc5de068fe)] -> xpath: //span[@class='oxd-userdropdown-tab']]
2024-12-17 20:12:347 INFO  LoginPage :48 - enter user name :Admin
2024-12-17 20:12:540 INFO  LoginPage :54 - enter passwordadmin123
2024-12-17 20:12:699 INFO  LoginPage :59 - click on [[ChromeDriver: chrome on windows (e297031c55c9e223d714a7a26bb3125b)] -> xpath: //button[@type='submit']]
2024-12-17 20:12:264 INFO  AddUserPage :76 - Get page title of : [[ChromeDriver: chrome on windows (e297031c55c9e223d714a7a26bb3125b)] -> xpath: //h5]
2024-12-17 20:12:545 INFO  AddUserPage :102 - Enter user name : prime test
2024-12-17 20:12:768 INFO  AddUserPage :108 - select user roll from drop down as Admin
2024-12-17 20:12:972 INFO  AddUserPage :115 - select user status from drop down as Disable
2024-12-17 20:12:144 INFO  AddUserPage :120 - Click on search button [[ChromeDriver: chrome on windows (e297031c55c9e223d714a7a26bb3125b)] -> xpath: //button[normalize-space()='Search']]
2024-12-17 20:12:420 INFO  AddUserPage :124 - get user name from search result [[ChromeDriver: chrome on windows (e297031c55c9e223d714a7a26bb3125b)] -> xpath: //div[@role='columnheader'or normalize-space()='Username'][2]/ancestor::div[@role='rowgroup']/following-sibling::div[@class='oxd-table-body']//div[@class='oxd-table-cell oxd-padding-cell'][2]]
2024-12-18 00:12:368 INFO  LoginPage :48 - enter user name :Admin
2024-12-18 00:12:429 INFO  LoginPage :54 - enter passwordadmin123
2024-12-18 00:12:517 INFO  LoginPage :59 - click on [[ChromeDriver: chrome on windows (93127a651d0ae110731760961833fa8a)] -> xpath: //button[@type='submit']]
2024-12-18 00:12:629 INFO  DashboardPage :31 - get the Dashboard page title [[ChromeDriver: chrome on windows (93127a651d0ae110731760961833fa8a)] -> xpath: //div[@class='oxd-topbar-header-title']//h6]
2024-12-18 00:12:569 INFO  LoginPage :48 - enter user name :Admin
2024-12-18 00:12:632 INFO  LoginPage :54 - enter passwordadmin123
2024-12-18 00:12:692 INFO  LoginPage :59 - click on [[ChromeDriver: chrome on windows (8465ce8e6193bcf8cc60ba987361011a)] -> xpath: //button[@type='submit']]
2024-12-18 00:12:846 INFO  AddUserPage :76 - Get page title of : [[ChromeDriver: chrome on windows (8465ce8e6193bcf8cc60ba987361011a)] -> xpath: //h5]
2024-12-18 00:12:175 INFO  AddUserPage :97 - click on add button[[ChromeDriver: chrome on windows (8465ce8e6193bcf8cc60ba987361011a)] -> xpath: //button[normalize-space()='Add']]
2024-12-18 00:12:416 INFO  AddUserPage :55 - Get Add User text [[ChromeDriver: chrome on windows (8465ce8e6193bcf8cc60ba987361011a)] -> xpath: //div[@class='orangehrm-card-container']/h6]
2024-12-18 00:12:607 INFO  AddUserPage :62 - Select User roles [[ChromeDriver: chrome on windows (8465ce8e6193bcf8cc60ba987361011a)] -> xpath: //label[normalize-space()='User Role']/parent::div/following-sibling::div//div[@class='oxd-select-wrapper']] as Admin
2024-12-18 00:12:715 INFO  AddUserPage :68 - Enter the Employee Name [[ChromeDriver: chrome on windows (8465ce8e6193bcf8cc60ba987361011a)] -> xpath: //label[normalize-space()='Employee Name']/parent::div/following-sibling::div//input] as a
2024-12-18 00:12:767 INFO  AddUserPage :73 - Enter the Username [[ChromeDriver: chrome on windows (8465ce8e6193bcf8cc60ba987361011a)] -> xpath: //label[normalize-space()='Username']/parent::div/following-sibling::div//input] as prime test
2024-12-18 00:12:921 INFO  AddUserPage :79 - Select Status [[ChromeDriver: chrome on windows (8465ce8e6193bcf8cc60ba987361011a)] -> xpath: //label[normalize-space()='Status']/parent::div/following-sibling::div//div[@class='oxd-select-wrapper']] as Disable
2024-12-18 00:12:996 INFO  AddUserPage :84 - Enter password [[ChromeDriver: chrome on windows (8465ce8e6193bcf8cc60ba987361011a)] -> xpath: //div[@class='oxd-grid-item oxd-grid-item--gutters user-password-cell']//div[@class='oxd-input-group oxd-input-field-bottom-space']//div//input[@type='password']]
2024-12-18 00:12:59 INFO  AddUserPage :89 - Enter password confirmation [[ChromeDriver: chrome on windows (8465ce8e6193bcf8cc60ba987361011a)] -> xpath: //div[@class='oxd-grid-item oxd-grid-item--gutters']//div[@class='oxd-input-group oxd-input-field-bottom-space']//div//input[@type='password']]
2024-12-18 00:12:153 INFO  AddUserPage :93 - Click on Save button[[ChromeDriver: chrome on windows (8465ce8e6193bcf8cc60ba987361011a)] -> xpath: //button[normalize-space()='Save']]
2024-12-18 00:12:647 INFO  AddUserPage :97 - get success message [[ChromeDriver: chrome on windows (8465ce8e6193bcf8cc60ba987361011a)] -> xpath: //p[@class='oxd-text oxd-text--p oxd-text--toast-message oxd-toast-content-text']]
